warning: ignoring unsupported tag 'PYTHON_DOCSTRING' at line 18, file .build/docs/Doxyfile
warning: ignoring unsupported tag 'NUM_PROC_THREADS' at line 22, file .build/docs/Doxyfile
warning: ignoring unsupported tag 'RESOLVE_UNNAMED_PARAMS' at line 27, file .build/docs/Doxyfile
warning: ignoring unsupported tag 'DOT_UML_DETAILS' at line 33, file .build/docs/Doxyfile
warning: ignoring unsupported tag 'DOT_WRAP_THRESHOLD' at line 34, file .build/docs/Doxyfile
README.md:55: warning: expected whitespace after \ref command
README.md:112: warning: expected whitespace after \ref command
README.md:130: warning: expected whitespace after \ref command
README.md:144: warning: expected whitespace after \ref command
README.md:144: warning: expected whitespace after \ref command
README.md:170: warning: expected whitespace after \ref command
README.md:241: warning: expected whitespace after \ref command
README.md:253: warning: expected whitespace after \ref command
README.md:253: warning: expected whitespace after \ref command
README.md:55: warning: expected whitespace after \ref command
README.md:112: warning: expected whitespace after \ref command
README.md:130: warning: expected whitespace after \ref command
README.md:144: warning: expected whitespace after \ref command
README.md:144: warning: expected whitespace after \ref command
README.md:170: warning: expected whitespace after \ref command
README.md:241: warning: expected whitespace after \ref command
README.md:253: warning: expected whitespace after \ref command
README.md:253: warning: expected whitespace after \ref command
Parsing layout file .modules/GenericMake/doxygen/layout.xml...
Searching for include files...
Searching for example files...
Searching for images...
Searching for dot files...
Searching for msc files...
Searching for dia files...
Searching for files to exclude
Searching INPUT for files to process...
Reading and parsing tag files
Parsing files
Reading README.md...
Building group list...
Building directory list...
Building namespace list...
Building file list...
Building class list...
Computing nesting relations for classes...
Associating documentation with classes...
Building example list...
Searching for enumerations...
Searching for documented typedefs...
Searching for members imported via using declarations...
Searching for included using directives...
Searching for documented variables...
Building interface member list...
Building member list...
Searching for friends...
Searching for documented defines...
Computing class inheritance relations...
Computing class usage relations...
Flushing cached template relations that have become invalid...
Computing class relations...
Add enum values to enums...
Searching for member function documentation...
Creating members for template instances...
Building page list...
Search for main page...
Computing page relations...
Determining the scope of groups...
Sorting lists...
Determining which enums are documented
Computing member relations...
Building full member lists recursively...
Adding members to member groups.
Computing member references...
Inheriting documentation...
Generating disk names...
Adding source references...
Adding xrefitems...
Sorting member lists...
Setting anonymous enum type...
Computing dependencies between directories...
Generating citations page...
Counting members...
Counting data structures...
Resolving user defined references...
Finding anchors and sections in the documentation...
Transferring function references...
Combining using relations...
Adding members to index pages...
Correcting members for VHDL...
Generating style sheet...
Generating search indices...
Generating example documentation...
Generating file sources...
Parsing code for file README.md...
Generating file documentation...
Generating page documentation...
Generating group documentation...
Generating class documentation...
Generating namespace index...
Generating graph info page...
Generating directory documentation...
Generating index page...
Generating page index...
Generating module index...
Generating namespace index...
Generating namespace member index...
Generating annotated compound index...
Generating alphabetical compound index...
Generating hierarchical class index...
Generating graphical class hierarchy...
Generating member index...
Generating file index...
Generating file member index...
Generating example index...
finalizing index lists...
writing tag file...
Running plantuml with JAVA...
Running dot...
Running dot for graph 1/1
lookup cache used 148/65536 hits=733 misses=225
finished...
